<?xml version="1.0" encoding="utf-8" standalone="no"?>
<!--This file represents the results of running a test suite-->
<test-results name="D:\My\@gh\TechSugar\TestingLab\NUnitSamples\NUnitSamples\bin\debug\NUnit_v2_samples.dll" total="3" errors="0" failures="0" not-run="0" inconclusive="0" ignored="0" skipped="0" invalid="0" date="2016-01-04" time="18:44:12">
  <environment nunit-version="2.6.4.14350" clr-version="2.0.50727.5485" os-version="Microsoft Windows NT 6.1.7601 Service Pack 1" platform="Win32NT" cwd="D:\My\@gh\TechSugar\TestingLab\NUnitSamples\NUnitSamples" machine-name="IL-IGOR-Z-LW7" user="igor-z" user-domain="NOVA" />
  <culture-info current-culture="en-US" current-uiculture="en-US" />
  <test-suite type="Assembly" name="D:\My\@gh\TechSugar\TestingLab\NUnitSamples\NUnitSamples\bin\debug\NUnit_v2_samples.dll" executed="True" result="Success" success="True" time="0.036" asserts="0">
    <results>
      <test-suite type="Namespace" name="NUnit_v2_samples" executed="True" result="Success" success="True" time="0.028" asserts="0">
        <results>
          <test-suite type="TestFixture" name="NUnitIssue1109" executed="True" result="Success" success="True" time="0.027" asserts="0">
            <results>
              <test-suite type="ParameterizedTest" name="SampleTestMethod" executed="True" result="Success" success="True" time="0.023" asserts="0">
                <results>
                  <test-case name="NUnit_v2_samples.NUnitIssue1109.SampleTestMethod(1)" executed="True" result="Success" success="True" time="0.013" asserts="0" />
                  <test-case name="NUnit_v2_samples.NUnitIssue1109.SampleTestMethod(2)" executed="True" result="Success" success="True" time="0.000" asserts="0" />
                  <test-case name="NUnit_v2_samples.NUnitIssue1109.SampleTestMethod(3)" executed="True" result="Success" success="True" time="0.000" asserts="0" />
                </results>
              </test-suite>
            </results>
          </test-suite>
        </results>
      </test-suite>
    </results>
  </test-suite>
</test-results>